<?xml version="1.0" encoding="UTF-8" ?>
<testsuite tests="1" failures="1" name="controller.TelaAdminTest" time="0.013" errors="0" skipped="0">
  <properties>
[...]
</properties>
  <testcase classname="controller.TelaAdminTest" name="controller.TelaAdminTest.testSomeMethod" time="0.013">
    <failure message="The test case is a prototype." type="org.opentest4j.AssertionFailedError">org.opentest4j.AssertionFailedError: The test case is a prototype.
	at org.junit.jupiter.api.AssertionUtils.fail(AssertionUtils.java:39)
	at org.junit.jupiter.api.Assertions.fail(Assertions.java:109)
	at controller.TelaAdminTest.testSomeMethod(TelaAdminTest.java:41)
</failure>
  </testcase>
</testsuite>